# JRE version: Java(TM) SE Runtime Environment (8.0_152-b16) (build 1.8.0_152-b16)
# Java VM: Java HotSpot(TM) 64-Bit Server VM (25.152-b16 mixed mode linux-amd64 compressed oops)
Heap:
 PSYoungGen      total 270336K, used 41244K [0x000000076cf00000, 0x000000077f680000, 0x00000007c0000000)
  eden space 254464K, 9% used [0x000000076cf00000,0x000000076e7caad0,0x000000077c780000)
  from space 15872K, 99% used [0x000000077dd00000,0x000000077ec7c8b8,0x000000077ec80000)
  to   space 22016K, 0% used [0x000000077c780000,0x000000077c780000,0x000000077dd00000)
 ParOldGen       total 155136K, used 31659K [0x00000006c6c00000, 0x00000006d0380000, 0x000000076cf00000)
  object space 155136K, 20% used [0x00000006c6c00000,0x00000006c8aeadf0,0x00000006d0380000)
 Metaspace       used 56064K, capacity 57518K, committed 57856K, reserved 1099776K
  class space    used 7466K, capacity 7840K, committed 7936K, reserved 1048576K
GC Heap History (10 events):
Event: 3.728 GC heap before
{Heap before GC invocations=8 (full 2):
 PSYoungGen      total 167424K, used 12816K [0x000000076cf00000, 0x000000077b380000, 0x00000007c0000000)
  eden space 153600K, 0% used [0x000000076cf00000,0x000000076cf00000,0x0000000776500000)
  from space 13824K, 92% used [0x0000000777400000,0x00000007780840c8,0x0000000778180000)
  to   space 15360K, 0% used [0x0000000776500000,0x0000000776500000,0x0000000777400000)
 ParOldGen       total 101376K, used 7916K [0x00000006c6c00000, 0x00000006ccf00000, 0x000000076cf00000)
  object space 101376K, 7% used [0x00000006c6c00000,0x00000006c73bb368,0x00000006ccf00000)
 Metaspace       used 34592K, capacity 35194K, committed 35456K, reserved 1079296K
  class space    used 4747K, capacity 4940K, committed 4992K, reserved 1048576K
Event: 3.804 GC heap after
Heap after GC invocations=8 (full 2):
 PSYoungGen      total 167424K, used 0K [0x000000076cf00000, 0x000000077b380000, 0x00000007c0000000)
  eden space 153600K, 0% used [0x000000076cf00000,0x000000076cf00000,0x0000000776500000)
  from space 13824K, 0% used [0x0000000777400000,0x0000000777400000,0x0000000778180000)
  to   space 15360K, 0% used [0x0000000776500000,0x0000000776500000,0x0000000777400000)
 ParOldGen       total 155136K, used 19903K [0x00000006c6c00000, 0x00000006d0380000, 0x000000076cf00000)
  object space 155136K, 12% used [0x00000006c6c00000,0x00000006c7f6fec0,0x00000006d0380000)
 Metaspace       used 34592K, capacity 35194K, committed 35456K, reserved 1079296K
  class space    used 4747K, capacity 4940K, committed 4992K, reserved 1048576K
}
Event: 5.623 GC heap before
{Heap before GC invocations=9 (full 2):
 PSYoungGen      total 167424K, used 153600K [0x000000076cf00000, 0x000000077b380000, 0x00000007c0000000)
  eden space 153600K, 100% used [0x000000076cf00000,0x0000000776500000,0x0000000776500000)
  from space 13824K, 0% used [0x0000000777400000,0x0000000777400000,0x0000000778180000)
  to   space 15360K, 0% used [0x0000000776500000,0x0000000776500000,0x0000000777400000)
 ParOldGen       total 155136K, used 19903K [0x00000006c6c00000, 0x00000006d0380000, 0x000000076cf00000)
  object space 155136K, 12% used [0x00000006c6c00000,0x00000006c7f6fec0,0x00000006d0380000)
 Metaspace       used 43664K, capacity 44476K, committed 44800K, reserved 1087488K
  class space    used 5871K, capacity 6105K, committed 6144K, reserved 1048576K
Event: 5.634 GC heap after
Heap after GC invocations=9 (full 2):
 PSYoungGen      total 168960K, used 11124K [0x000000076cf00000, 0x000000077ca80000, 0x00000007c0000000)
  eden space 153600K, 0% used [0x000000076cf00000,0x000000076cf00000,0x0000000776500000)
  from space 15360K, 72% used [0x0000000776500000,0x0000000776fdd250,0x0000000777400000)
  to   space 15360K, 0% used [0x000000077bb80000,0x000000077bb80000,0x000000077ca80000)
 ParOldGen       total 155136K, used 19911K [0x00000006c6c00000, 0x00000006d0380000, 0x000000076cf00000)
  object space 155136K, 12% used [0x00000006c6c00000,0x00000006c7f71ec0,0x00000006d0380000)
 Metaspace       used 43664K, capacity 44476K, committed 44800K, reserved 1087488K
  class space    used 5871K, capacity 6105K, committed 6144K, reserved 1048576K
}
Event: 29.578 GC heap before
{Heap before GC invocations=10 (full 2):
 PSYoungGen      total 168960K, used 164724K [0x000000076cf00000, 0x000000077ca80000, 0x00000007c0000000)
  eden space 153600K, 100% used [0x000000076cf00000,0x0000000776500000,0x0000000776500000)
  from space 15360K, 72% used [0x0000000776500000,0x0000000776fdd250,0x0000000777400000)
  to   space 15360K, 0% used [0x000000077bb80000,0x000000077bb80000,0x000000077ca80000)
 ParOldGen       total 155136K, used 19911K [0x00000006c6c00000, 0x00000006d0380000, 0x000000076cf00000)
  object space 155136K, 12% used [0x00000006c6c00000,0x00000006c7f71ec0,0x00000006d0380000)
 Metaspace       used 44264K, capacity 45130K, committed 45440K, reserved 1089536K
  class space    used 5905K, capacity 6156K, committed 6272K, reserved 1048576K
Event: 29.601 GC heap after
Heap after GC invocations=10 (full 2):
 PSYoungGen      total 222208K, used 5744K [0x000000076cf00000, 0x000000077c180000, 0x00000007c0000000)
  eden space 216064K, 0% used [0x000000076cf00000,0x000000076cf00000,0x000000077a200000)
  from space 6144K, 93% used [0x000000077bb80000,0x000000077c11c300,0x000000077c180000)
  to   space 15360K, 0% used [0x000000077a380000,0x000000077a380000,0x000000077b280000)
 ParOldGen       total 155136K, used 19919K [0x00000006c6c00000, 0x00000006d0380000, 0x000000076cf00000)
  object space 155136K, 12% used [0x00000006c6c00000,0x00000006c7f73ec0,0x00000006d0380000)
 Metaspace       used 44264K, capacity 45130K, committed 45440K, reserved 1089536K
  class space    used 5905K, capacity 6156K, committed 6272K, reserved 1048576K
}
Event: 93.568 GC heap before
{Heap before GC invocations=11 (full 2):
 PSYoungGen      total 222208K, used 221808K [0x000000076cf00000, 0x000000077c180000, 0x00000007c0000000)
  eden space 216064K, 100% used [0x000000076cf00000,0x000000077a200000,0x000000077a200000)
  from space 6144K, 93% used [0x000000077bb80000,0x000000077c11c300,0x000000077c180000)
  to   space 15360K, 0% used [0x000000077a380000,0x000000077a380000,0x000000077b280000)
 ParOldGen       total 155136K, used 19919K [0x00000006c6c00000, 0x00000006d0380000, 0x000000076cf00000)
  object space 155136K, 12% used [0x00000006c6c00000,0x00000006c7f73ec0,0x00000006d0380000)
 Metaspace       used 48491K, capacity 49420K, committed 49536K, reserved 1091584K
  class space    used 6445K, capacity 6683K, committed 6784K, reserved 1048576K
Event: 93.603 GC heap after
Heap after GC invocations=11 (full 2):
 PSYoungGen      total 232960K, used 11715K [0x000000076cf00000, 0x000000077ec80000, 0x00000007c0000000)
  eden space 217600K, 0% used [0x000000076cf00000,0x000000076cf00000,0x000000077a380000)
  from space 15360K, 76% used [0x000000077a380000,0x000000077aef0d68,0x000000077b280000)
  to   space 15872K, 0% used [0x000000077dd00000,0x000000077dd00000,0x000000077ec80000)
 ParOldGen       total 155136K, used 20018K [0x00000006c6c00000, 0x00000006d0380000, 0x000000076cf00000)
  object space 155136K, 12% used [0x00000006c6c00000,0x00000006c7f8cb20,0x00000006d0380000)
 Metaspace       used 48491K, capacity 49420K, committed 49536K, reserved 1091584K
  class space    used 6445K, capacity 6683K, committed 6784K, reserved 1048576K
}
Event: 97.562 GC heap before
{Heap before GC invocations=12 (full 2):
 PSYoungGen      total 232960K, used 229315K [0x000000076cf00000, 0x000000077ec80000, 0x00000007c0000000)
  eden space 217600K, 100% used [0x000000076cf00000,0x000000077a380000,0x000000077a380000)
  from space 15360K, 76% used [0x000000077a380000,0x000000077aef0d68,0x000000077b280000)
  to   space 15872K, 0% used [0x000000077dd00000,0x000000077dd00000,0x000000077ec80000)
 ParOldGen       total 155136K, used 20018K [0x00000006c6c00000, 0x00000006d0380000, 0x000000076cf00000)
  object space 155136K, 12% used [0x00000006c6c00000,0x00000006c7f8cb20,0x00000006d0380000)
 Metaspace       used 56026K, capacity 57454K, committed 57600K, reserved 1099776K
  class space    used 7464K, capacity 7840K, committed 7936K, reserved 1048576K
Event: 97.592 GC heap after
Heap after GC invocations=12 (full 2):
 PSYoungGen      total 270336K, used 15858K [0x000000076cf00000, 0x000000077f680000, 0x00000007c0000000)
  eden space 254464K, 0% used [0x000000076cf00000,0x000000076cf00000,0x000000077c780000)
  from space 15872K, 99% used [0x000000077dd00000,0x000000077ec7c8b8,0x000000077ec80000)
  to   space 22016K, 0% used [0x000000077c780000,0x000000077c780000,0x000000077dd00000)
 ParOldGen       total 155136K, used 31659K [0x00000006c6c00000, 0x00000006d0380000, 0x000000076cf00000)
  object space 155136K, 20% used [0x00000006c6c00000,0x00000006c8aeadf0,0x00000006d0380000)
 Metaspace       used 56026K, capacity 57454K, committed 57600K, reserved 1099776K
  class space    used 7464K, capacity 7840K, committed 7936K, reserved 1048576K
}

